<?xml version="1.0" encoding="UTF-8"?>
<!-- Generated by org.testng.reporters.JUnitXMLReporter -->
<testsuite ignored="0" hostname="DESKTOP-CNUFA8L" failures="0" tests="5" name="Default test" time="18.555" errors="0" timestamp="2023-12-07T21:02:15 IST">
  <testcase classname="testNGAnnotations_Flags.ActiTimeDataProviderFlag" name="invalidLoginMethod" time="5.26"/>
  <testcase classname="testNGAnnotations_Flags.ActiTimeDataProviderFlag" name="invalidLoginMethod" time="3.209"/>
  <testcase classname="testNGAnnotations_Flags.ActiTimeDataProviderFlag" name="invalidLoginMethod" time="3.197"/>
  <testcase classname="testNGAnnotations_Flags.ActiTimeDataProviderFlag" name="invalidLoginMethod" time="3.402"/>
  <testcase classname="testNGAnnotations_Flags.ActiTimeDataProviderFlag" name="invalidLoginMethod" time="3.356"/>
</testsuite> <!-- Default test -->
