<?xml version="1.0" encoding="UTF-8"?>
<testng-results ignored="0" total="5" passed="5" failed="0" skipped="0">
  <reporter-output>
  </reporter-output>
  <suite started-at="2023-12-07T21:01:57 IST" name="Default suite" finished-at="2023-12-07T21:02:15 IST" duration-ms="18555">
    <groups>
    </groups>
    <test started-at="2023-12-07T21:01:57 IST" name="Default test" finished-at="2023-12-07T21:02:15 IST" duration-ms="18555">
      <class name="testNGAnnotations_Flags.ActiTimeDataProviderFlag">
        <test-method signature="invalidLoginMethod(java.lang.String,java.lang.String)[pri:0, instance:testNGAnnotations_Flags.ActiTimeDataProviderFlag@9597028]" started-at="2023-12-07T21:01:57 IST" name="invalidLoginMethod" data-provider="TestData" finished-at="2023-12-07T21:02:02 IST" duration-ms="5260" status="PASS">
          <params>
            <param index="0">
              <value>
                <![CDATA[ad_min]]>
              </value>
            </param>
            <param index="1">
              <value>
                <![CDATA[mana_ger]]>
              </value>
            </param>
          </params>
          <reporter-output>
          </reporter-output>
        </test-method> <!-- invalidLoginMethod -->
        <test-method signature="invalidLoginMethod(java.lang.String,java.lang.String)[pri:0, instance:testNGAnnotations_Flags.ActiTimeDataProviderFlag@9597028]" started-at="2023-12-07T21:02:02 IST" name="invalidLoginMethod" data-provider="TestData" finished-at="2023-12-07T21:02:05 IST" duration-ms="3209" status="PASS">
          <params>
            <param index="0">
              <value>
                <![CDATA[ad123]]>
              </value>
            </param>
            <param index="1">
              <value>
                <![CDATA[mana123]]>
              </value>
            </param>
          </params>
          <reporter-output>
          </reporter-output>
        </test-method> <!-- invalidLoginMethod -->
        <test-method signature="invalidLoginMethod(java.lang.String,java.lang.String)[pri:0, instance:testNGAnnotations_Flags.ActiTimeDataProviderFlag@9597028]" started-at="2023-12-07T21:02:05 IST" name="invalidLoginMethod" data-provider="TestData" finished-at="2023-12-07T21:02:09 IST" duration-ms="3197" status="PASS">
          <params>
            <param index="0">
              <value>
                <![CDATA[456min]]>
              </value>
            </param>
            <param index="1">
              <value>
                <![CDATA[456ger]]>
              </value>
            </param>
          </params>
          <reporter-output>
          </reporter-output>
        </test-method> <!-- invalidLoginMethod -->
        <test-method signature="invalidLoginMethod(java.lang.String,java.lang.String)[pri:0, instance:testNGAnnotations_Flags.ActiTimeDataProviderFlag@9597028]" started-at="2023-12-07T21:02:09 IST" name="invalidLoginMethod" data-provider="TestData" finished-at="2023-12-07T21:02:12 IST" duration-ms="3402" status="PASS">
          <params>
            <param index="0">
              <value>
                <![CDATA[min]]>
              </value>
            </param>
            <param index="1">
              <value>
                <![CDATA[add]]>
              </value>
            </param>
          </params>
          <reporter-output>
          </reporter-output>
        </test-method> <!-- invalidLoginMethod -->
        <test-method signature="invalidLoginMethod(java.lang.String,java.lang.String)[pri:0, instance:testNGAnnotations_Flags.ActiTimeDataProviderFlag@9597028]" started-at="2023-12-07T21:02:12 IST" name="invalidLoginMethod" data-provider="TestData" finished-at="2023-12-07T21:02:15 IST" duration-ms="3356" status="PASS">
          <params>
            <param index="0">
              <value>
                <![CDATA[manager]]>
              </value>
            </param>
            <param index="1">
              <value>
                <![CDATA[admin]]>
              </value>
            </param>
          </params>
          <reporter-output>
          </reporter-output>
        </test-method> <!-- invalidLoginMethod -->
      </class> <!-- testNGAnnotations_Flags.ActiTimeDataProviderFlag -->
    </test> <!-- Default test -->
  </suite> <!-- Default suite -->
</testng-results>
