<?xml version="1.0" encoding="UTF-8"?>
<!-- Generated by org.testng.reporters.JUnitXMLReporter -->
<testsuite ignored="12" hostname="DESKTOP-CNUFA8L" failures="0" tests="6" name="Test" time="0.256" errors="0" timestamp="2023-12-04T12:31:29 IST">
  <testcase classname="testNGAnnotations_Flags.Flag6" name="ft1" time="0.028"/>
  <testcase classname="testNGAnnotations_Flags.Flag6" name="ft2" time="0.005"/>
  <testcase classname="testNGAnnotations_Flags.Flag6" name="ft3" time="0.007"/>
  <testcase classname="testNGAnnotations_Flags.Flag6" name="ft4" time="0.016"/>
  <testcase classname="testNGAnnotations_Flags.Flag6" name="ft5" time="0.006"/>
  <testcase classname="testNGAnnotations_Flags.Flag6" name="ft6" time="0.005"/>
  <testcase classname="testNGAnnotations_Flags.Flag6" name="it1" time="0.0">
    <ignored/>
  </testcase> <!-- it1 -->
  <testcase classname="testNGAnnotations_Flags.Flag6" name="st6" time="0.0">
    <ignored/>
  </testcase> <!-- st6 -->
  <testcase classname="testNGAnnotations_Flags.Flag6" name="it2" time="0.0">
    <ignored/>
  </testcase> <!-- it2 -->
  <testcase classname="testNGAnnotations_Flags.Flag6" name="st5" time="0.0">
    <ignored/>
  </testcase> <!-- st5 -->
  <testcase classname="testNGAnnotations_Flags.Flag6" name="it3" time="0.0">
    <ignored/>
  </testcase> <!-- it3 -->
  <testcase classname="testNGAnnotations_Flags.Flag6" name="st4" time="0.0">
    <ignored/>
  </testcase> <!-- st4 -->
  <testcase classname="testNGAnnotations_Flags.Flag6" name="it4" time="0.0">
    <ignored/>
  </testcase> <!-- it4 -->
  <testcase classname="testNGAnnotations_Flags.Flag6" name="st3" time="0.0">
    <ignored/>
  </testcase> <!-- st3 -->
  <testcase classname="testNGAnnotations_Flags.Flag6" name="it5" time="0.0">
    <ignored/>
  </testcase> <!-- it5 -->
  <testcase classname="testNGAnnotations_Flags.Flag6" name="st2" time="0.0">
    <ignored/>
  </testcase> <!-- st2 -->
  <testcase classname="testNGAnnotations_Flags.Flag6" name="it6" time="0.0">
    <ignored/>
  </testcase> <!-- it6 -->
  <testcase classname="testNGAnnotations_Flags.Flag6" name="st1" time="0.0">
    <ignored/>
  </testcase> <!-- st1 -->
</testsuite> <!-- Test -->
